2025-03-05 21:40:15,751 - KeyListener started successfully!
2025-03-05 21:40:15,751 - Working directory set to: C:\Users\Administrator\Documents\Python\SkibidiShortcuts\.vs\KeyListener
2025-03-05 21:40:15,751 - Loading config from: C:\Users\Administrator\Documents\Python\SkibidiShortcuts\.vs\KeyListener\config.json
2025-03-05 21:40:15,761 - Config loaded successfully
2025-03-05 21:40:15,761 - Loaded actions: ['a', 'f', 'n']
2025-03-05 21:40:15,769 - Starting keyboard listener...
2025-03-05 21:40:22,285 - Double shift detected! Waiting for input...
2025-03-05 21:40:22,360 - Handling letter: f
2025-03-05 21:40:27,020 - Double shift detected! Waiting for input...
2025-03-05 21:40:27,114 - Handling letter: f
2025-03-05 21:40:30,102 - Double shift detected! Waiting for input...
2025-03-05 21:40:30,213 - Handling letter: n
2025-03-05 21:40:48,413 - Double shift detected! Waiting for input...
2025-03-05 21:40:48,508 - Escape pressed after double shift - stopping listener
2025-03-05 21:40:50,641 - KeyListener started successfully!
2025-03-05 21:40:50,642 - Working directory set to: C:\Users\Administrator\Documents\Python\SkibidiShortcuts\.vs\KeyListener
2025-03-05 21:40:50,642 - Loading config from: C:\Users\Administrator\Documents\Python\SkibidiShortcuts\.vs\KeyListener\config.json
2025-03-05 21:40:50,642 - Config loaded successfully
2025-03-05 21:40:50,642 - Loaded actions: ['a', 'f', 'n']
2025-03-05 21:40:50,651 - Starting keyboard listener...
2025-03-05 21:40:51,244 - Double shift detected! Waiting for input...
2025-03-05 21:40:51,308 - Handling letter: f
2025-03-05 21:40:52,912 - Double shift detected! Waiting for input...
2025-03-05 21:40:53,107 - Handling letter: n
2025-03-05 21:40:55,182 - Double shift detected! Waiting for input...
2025-03-05 21:40:55,370 - Escape pressed after double shift - stopping listener
2025-03-05 21:41:15,500 - KeyListener started successfully!
2025-03-05 21:41:15,500 - Working directory set to: C:\Users\Administrator\Documents\Python\SkibidiShortcuts\.vs\KeyListener
2025-03-05 21:41:15,500 - Loading config from: C:\Users\Administrator\Documents\Python\SkibidiShortcuts\.vs\KeyListener\config.json
2025-03-05 21:41:15,500 - Config loaded successfully
2025-03-05 21:41:15,500 - Loaded actions: ['a', 'f', 'n']
2025-03-05 21:41:15,509 - Starting keyboard listener...
2025-03-05 23:59:16,729 - KeyListener started successfully!
2025-03-05 23:59:16,729 - Working directory set to: C:\Users\Administrator\Documents\Python\SkibidiShortcuts\.vs\KeyListener
2025-03-05 23:59:16,729 - Loading config from: C:\Users\Administrator\Documents\Python\SkibidiShortcuts\.vs\KeyListener\config.json
2025-03-05 23:59:16,729 - Config loaded successfully
2025-03-05 23:59:16,729 - Loaded actions: ['a', 'f', 'd', 'n']
2025-03-05 23:59:16,736 - Starting keyboard listener...
2025-03-05 23:59:21,905 - Double shift detected! Waiting for input...
2025-03-05 23:59:21,995 - Handling letter: d
2025-03-05 23:59:24,542 - Double shift detected! Waiting for input...
2025-03-05 23:59:24,631 - Handling letter: d
2025-03-05 23:59:25,692 - Double shift detected! Waiting for input...
2025-03-05 23:59:25,788 - Handling letter: d
2025-03-05 23:59:26,712 - Double shift detected! Waiting for input...
2025-03-05 23:59:26,808 - Handling letter: d
2025-03-05 23:59:27,517 - Double shift detected! Waiting for input...
2025-03-05 23:59:27,636 - Handling letter: d
2025-03-05 23:59:28,648 - Double shift detected! Waiting for input...
2025-03-05 23:59:28,774 - Handling letter: d
2025-03-05 23:59:38,891 - Double shift detected! Waiting for input...
2025-03-05 23:59:38,932 - Handling letter: d
2025-03-05 23:59:42,783 - Double shift detected! Waiting for input...
2025-03-05 23:59:42,865 - Handling letter: d
2025-03-05 23:59:44,000 - Double shift detected! Waiting for input...
2025-03-05 23:59:44,054 - Handling letter: d
2025-03-06 00:01:54,379 - KeyListener started successfully!
2025-03-06 00:01:54,379 - Working directory set to: C:\Users\Administrator\Documents\Python\SkibidiShortcuts\.vs\KeyListener
2025-03-06 00:01:54,379 - Loading config from: C:\Users\Administrator\Documents\Python\SkibidiShortcuts\.vs\KeyListener\config.json
2025-03-06 00:01:54,380 - Config loaded successfully
2025-03-06 00:01:54,380 - Loaded actions: ['a', 'f', 'd', 'n']
2025-03-06 00:01:54,387 - Starting keyboard listener...
2025-03-06 00:01:57,098 - Double shift detected! Waiting for input...
2025-03-06 00:01:57,165 - Handling letter: d
2025-03-06 00:02:26,281 - KeyListener started successfully!
2025-03-06 00:02:26,281 - Working directory set to: C:\Users\Administrator\Documents\Python\SkibidiShortcuts\.vs\KeyListener
2025-03-06 00:02:26,281 - Loading config from: C:\Users\Administrator\Documents\Python\SkibidiShortcuts\.vs\KeyListener\config.json
2025-03-06 00:02:26,281 - Config loaded successfully
2025-03-06 00:02:26,281 - Loaded actions: ['a', 'f', 'd', 'n']
2025-03-06 00:02:26,288 - Starting keyboard listener...
2025-03-06 00:02:29,013 - Double shift detected! Waiting for input...
2025-03-06 00:02:29,082 - Handling letter: d
2025-03-06 00:03:13,587 - KeyListener started successfully!
2025-03-06 00:03:13,588 - Working directory set to: C:\Users\Administrator\Documents\Python\SkibidiShortcuts\.vs\KeyListener
2025-03-06 00:03:13,588 - Loading config from: C:\Users\Administrator\Documents\Python\SkibidiShortcuts\.vs\KeyListener\config.json
2025-03-06 00:03:13,588 - Config loaded successfully
2025-03-06 00:03:13,588 - Loaded actions: ['a', 'f', 'd', 'n']
2025-03-06 00:03:13,595 - Starting keyboard listener...
2025-03-06 00:03:14,110 - Double shift detected! Waiting for input...
2025-03-06 00:03:14,155 - Handling letter: f
2025-03-06 00:03:15,575 - Double shift detected! Waiting for input...
2025-03-06 00:03:15,606 - Handling letter: f
2025-03-06 00:03:16,673 - Double shift detected! Waiting for input...
2025-03-06 00:03:16,843 - Handling letter: n
2025-03-06 00:03:18,779 - Double shift detected! Waiting for input...
2025-03-06 00:03:18,941 - Handling letter: f
2025-03-06 00:03:20,885 - Double shift detected! Waiting for input...
2025-03-06 00:03:20,920 - Handling letter: f
2025-03-06 00:03:57,046 - Double shift detected! Waiting for input...
2025-03-06 00:03:57,102 - Handling letter: d
2025-03-06 00:04:07,819 - Double shift detected! Waiting for input...
2025-03-06 00:04:08,012 - Escape pressed after double shift - stopping listener
2025-03-06 00:04:11,304 - KeyListener started successfully!
2025-03-06 00:04:11,304 - Working directory set to: C:\Users\Administrator\Documents\Python\SkibidiShortcuts\.vs\KeyListener
2025-03-06 00:04:11,304 - Loading config from: C:\Users\Administrator\Documents\Python\SkibidiShortcuts\.vs\KeyListener\config.json
2025-03-06 00:04:11,304 - Config loaded successfully
2025-03-06 00:04:11,304 - Loaded actions: ['a', 'f', 'd', 'n']
2025-03-06 00:04:11,311 - Starting keyboard listener...
2025-03-06 00:04:13,609 - Double shift detected! Waiting for input...
2025-03-06 00:04:13,633 - Handling letter: d
2025-03-06 00:04:16,344 - Double shift detected! Waiting for input...
2025-03-06 00:04:16,525 - Handling letter: f
2025-03-06 00:04:22,813 - Double shift detected! Waiting for input...
2025-03-06 00:04:22,887 - Handling letter: d
2025-03-06 00:04:34,259 - Double shift detected! Waiting for input...
2025-03-06 00:04:34,316 - Handling letter: d
2025-03-06 00:04:41,911 - Double shift detected! Waiting for input...
2025-03-06 00:04:41,954 - Handling letter: d
2025-03-06 00:04:47,578 - Double shift detected! Waiting for input...
2025-03-06 00:04:47,638 - Handling letter: d
2025-03-06 00:04:50,774 - Double shift detected! Waiting for input...
2025-03-06 00:04:50,832 - Handling letter: d
2025-03-06 00:04:56,568 - Double shift detected! Waiting for input...
2025-03-06 00:04:56,636 - Handling letter: d
2025-03-06 00:04:59,122 - Double shift detected! Waiting for input...
2025-03-06 00:04:59,158 - Handling letter: d
2025-03-06 00:12:20,538 - Double shift detected! Waiting for input...
2025-03-06 00:12:20,598 - Double shift detected! Waiting for input...
2025-03-06 00:12:20,660 - Double shift detected! Waiting for input...
2025-03-06 00:12:20,722 - Double shift detected! Waiting for input...
2025-03-06 00:12:20,800 - Double shift detected! Waiting for input...
2025-03-06 00:12:22,043 - Double shift detected! Waiting for input...
2025-03-06 00:12:22,120 - Double shift detected! Waiting for input...
2025-03-06 00:12:22,182 - Double shift detected! Waiting for input...
2025-03-06 00:12:22,245 - Double shift detected! Waiting for input...
2025-03-06 00:12:22,307 - Double shift detected! Waiting for input...
2025-03-06 00:12:22,384 - Double shift detected! Waiting for input...
2025-03-06 00:12:22,447 - Double shift detected! Waiting for input...
2025-03-06 00:12:22,509 - Double shift detected! Waiting for input...
2025-03-06 00:12:22,571 - Double shift detected! Waiting for input...
2025-03-06 00:12:22,648 - Double shift detected! Waiting for input...
2025-03-06 00:12:22,710 - Double shift detected! Waiting for input...
2025-03-06 00:12:22,772 - Double shift detected! Waiting for input...
2025-03-06 00:12:22,834 - Double shift detected! Waiting for input...
2025-03-06 00:12:22,900 - Handling letter: a
2025-03-06 00:12:22,900 - Action A triggered!
2025-03-06 00:12:26,098 - Double shift detected! Waiting for input...
2025-03-06 00:12:26,389 - Double shift detected! Waiting for input...
2025-03-06 00:12:26,451 - Double shift detected! Waiting for input...
2025-03-06 00:12:26,514 - Double shift detected! Waiting for input...
2025-03-06 00:12:26,591 - Double shift detected! Waiting for input...
2025-03-06 00:12:26,654 - Double shift detected! Waiting for input...
2025-03-06 00:12:27,051 - Handling letter: a
2025-03-06 00:12:27,051 - Action A triggered!
2025-03-06 00:13:05,293 - Double shift detected! Waiting for input...
2025-03-06 00:13:05,355 - Double shift detected! Waiting for input...
2025-03-06 00:13:05,372 - Handling letter: d
2025-03-06 19:36:18,132 - KeyListener started successfully!
2025-03-06 19:36:18,133 - Working directory set to: C:\Users\Administrator\Documents\Python\SkibidiShortcuts\.vs\KeyListener
2025-03-06 19:36:18,133 - Loading config from: C:\Users\Administrator\Documents\Python\SkibidiShortcuts\.vs\KeyListener\config.json
2025-03-06 19:36:18,133 - Config loaded successfully
2025-03-06 19:36:18,133 - Loaded actions: ['a', 'f', 'd', 'n']
2025-03-06 19:36:18,140 - Starting keyboard listener...
2025-03-06 19:36:42,809 - Double shift detected! Waiting for input...
2025-03-06 19:36:43,019 - Escape pressed after double shift - stopping listener
2025-03-06 19:36:44,849 - KeyListener started successfully!
2025-03-06 19:36:44,849 - Working directory set to: C:\Users\Administrator\Documents\Python\SkibidiShortcuts\.vs\KeyListener
2025-03-06 19:36:44,849 - Loading config from: C:\Users\Administrator\Documents\Python\SkibidiShortcuts\.vs\KeyListener\config.json
2025-03-06 19:36:44,849 - Config loaded successfully
2025-03-06 19:36:44,849 - Loaded actions: ['a', 'f', 'd', 'n', 'w']
2025-03-06 19:36:44,857 - Starting keyboard listener...
2025-03-06 19:36:45,599 - Double shift detected! Waiting for input...
2025-03-06 19:36:46,129 - Handling letter: w
2025-03-06 19:36:46,129 - Opening webpage: https://www.google.com
2025-03-06 19:36:49,020 - Double shift detected! Waiting for input...
2025-03-06 19:36:49,292 - Escape pressed after double shift - stopping listener
2025-03-06 19:38:20,636 - KeyListener started successfully!
2025-03-06 19:38:20,636 - Working directory set to: C:\Users\Administrator\Documents\Python\SkibidiShortcuts\.vs\KeyListener
2025-03-06 19:38:20,636 - Loading config from: C:\Users\Administrator\Documents\Python\SkibidiShortcuts\.vs\KeyListener\config.json
2025-03-06 19:38:20,636 - Config loaded successfully
2025-03-06 19:38:20,636 - Loaded actions: ['a', 'f', 'd', 'n', 'w']
2025-03-06 19:38:20,644 - Starting keyboard listener...
2025-03-06 19:38:21,385 - Double shift detected! Waiting for input...
2025-03-06 19:38:21,472 - Handling letter: w
2025-03-06 19:38:21,473 - Opening webpage: https://www.google.com
2025-03-06 19:38:23,450 - Double shift detected! Waiting for input...
2025-03-06 19:38:23,536 - Handling letter: f
2025-03-06 19:38:24,646 - Double shift detected! Waiting for input...
2025-03-06 19:38:24,741 - Handling letter: w
2025-03-06 19:38:24,742 - Opening webpage: https://www.google.com
2025-03-06 19:38:25,702 - Double shift detected! Waiting for input...
2025-03-06 19:38:25,757 - Handling letter: d
2025-03-06 19:38:33,234 - Double shift detected! Waiting for input...
2025-03-06 19:38:33,325 - Handling letter: d
2025-03-06 19:39:39,877 - Double shift detected! Waiting for input...
2025-03-06 19:39:40,038 - Escape pressed after double shift - stopping listener
2025-03-06 19:39:49,100 - KeyListener started successfully!
2025-03-06 19:39:49,100 - Working directory set to: C:\Users\Administrator\Documents\Python\SkibidiShortcuts\.vs\KeyListener
2025-03-06 19:39:49,100 - Loading config from: C:\Users\Administrator\Documents\Python\SkibidiShortcuts\.vs\KeyListener\config.json
2025-03-06 19:39:49,100 - Config loaded successfully
2025-03-06 19:39:49,101 - Loaded actions: ['a', 'f', 'd', 'n', 'w', 'c']
2025-03-06 19:39:49,108 - Starting keyboard listener...
2025-03-06 19:39:54,017 - Double shift detected! Waiting for input...
2025-03-06 19:39:54,087 - Handling letter: c
2025-03-06 19:39:54,087 - Executing code: print('Hello, world!')
2025-03-06 19:39:54,712 - Double shift detected! Waiting for input...
2025-03-06 19:39:54,776 - Handling letter: c
2025-03-06 19:39:54,776 - Executing code: print('Hello, world!')
2025-03-06 19:39:55,154 - Double shift detected! Waiting for input...
2025-03-06 19:39:55,194 - Handling letter: c
2025-03-06 19:39:55,195 - Executing code: print('Hello, world!')
2025-03-06 19:39:55,579 - Double shift detected! Waiting for input...
2025-03-06 19:39:55,637 - Handling letter: c
2025-03-06 19:39:55,637 - Executing code: print('Hello, world!')
2025-03-06 19:39:56,021 - Double shift detected! Waiting for input...
2025-03-06 19:39:56,094 - Handling letter: c
2025-03-06 19:39:56,094 - Executing code: print('Hello, world!')
2025-03-06 19:39:56,423 - Double shift detected! Waiting for input...
2025-03-06 19:39:56,504 - Handling letter: c
2025-03-06 19:39:56,504 - Executing code: print('Hello, world!')
2025-03-06 19:39:57,248 - Double shift detected! Waiting for input...
2025-03-06 19:39:57,333 - Handling letter: w
2025-03-06 19:39:57,334 - Opening webpage: https://www.google.com
2025-03-06 19:40:01,287 - Double shift detected! Waiting for input...
2025-03-06 19:40:01,455 - Escape pressed after double shift - stopping listener
